[    0.000000] Linux version 4.15.0112-generic (buildd@lcy01-amd64-027) (gcc version 7.5.0 (Ubuntu 7.5.0-3ubuntu1~18.04)) #113-Ubuntu SMP Thu Jul 9 23:41:39 UTC 2020 (Ubuntu 4.15.0-112.113-generic 4.15.18)
[    0.000000] Command ine:BOOT_IMAGE=/boot/vmlinuz-4.15.0-112-generic root=LABEL=cloudimg-rootfs ro console=tty1 console=ttyS0
[    0.000000] KERNEL supported cpus:
[    0.000000]   Intel GenuineIntel
[    0.000000]   AMD AuthenticAMD
[    0.000000]   Centaur CentaurHauls
[    0.000000] x86/fpu: Supporting XSAVE feature 0x001: 'x87 floating point registers'
[    0.000000] x86/fpu: Supporting XSAVE feature 0x002: 'SSE registers'
[    0.000000] x86/fpu: Supporting XSAVE feature 0x004: 'AVX registers'
[    0.000000] x86/fpu: xstate_offset[2]:  576, xstate_sizes[2]:  256
[    0.000000] x86/fpu: Enabled xstate features 0x7, context size is 832 bytes, using 'standard' format.
[    0.000000] e820: BIOS-provided physical RAM map:
[    0.000000] BIOS-e820: [mem 0x0000000000000000-0x000000000009fbff] usable
[    0.000000] BIOS-e820: [mem 0x000000000009fc00-0x000000000009ffff] reserved
[    0.000000] BIOS-e820: [mem 0x00000000000f0000-0x00000000000fffff] reserved
[    0.000000] BIOS-e820: [mem 0x0000000000100000-0x000000007ffeffff] usable
[    0.000000] BIOS-e820: [mem 0x000000007fff0000-0x000000007fffffff] ACPI data
[    0.000000] BIOS-e820: [mem 0x00000000fec00000-0x00000000fec00fff] reserved
[    0.000000] BIOS-e820: [mem 0x00000000fee00000-0x00000000fee00fff] reserved
[    0.000000] BIOS-e820: [mem 0x00000000fffc0000-0x00000000ffffffff] reserved
[    0.000000] NX (Execute Disable) protection: active
[    0.000000] SMBIOS 2.5 present.
[    0.000000] DMI: innotekGmbH VirtualBox/VirtualBox, BIOS VirtualBox 12/01/2006
[    0.000000] Hypervisor detected: KVM
[    0.000000] e820: last_pfn = 0x7fff0 max_arch_pfn = 0x400000000
[    0.000000] MTRR: Disabled
[    0.000000] x86/PAT: MTRRs disabled, skipping PAT initialization too.
[    0.000000] CPU MTRRs all blank - virtualized system.
[    0.000000] x86/PAT: Configuration [0-7]: WB  WT  UC- UC  WB  WT  UC- UC  
[    0.000000] found SMP MP-table at [mem 0x0009fff0-0x0009ffff]
[    0.000000] Scanning 1 areas for low memory corruption
[    0.000000] RAMDISK: [mem 0x35a6b000-0x36d2cfff]
[    0.000000] ACPI: Early table checksum verification disabled
[    0.000000] ACPI: RSDP 0x00000000000E0000 000024 (v02 VBOX  )
[    0.000000] ACPI: XSDT 0x000000007FFF0030 00003C (v01 VBOX   VBOXXSDT 00000001 ASL  00000061)
[    0.000000] ACPI: FACP 0x000000007FFF00F0 0000F4 (v04 VBOX   VBOXFACP 00000001 ASL  00000061)
[    0.000000] ACPI: DSDT 0x000000007FFF0470 0021FF (v02 VBOX   VBOXBIOS 00000002 INTL 20180105)
[    0.000000] ACPI: FACS 0x000000007FFF0200 000040
[    0.000000] ACPI: FACS 0x000000007FFF0200 000040
[    0.000000] ACPI: APIC 0x000000007FFF0240 00005C (v02 VBOX   VBOXAPIC 00000001 ASL  00000061)
[    0.000000] ACPI: SSDT 0x000000007FFF02A0 0001CC (v01 VBOX   VBOXCPUT 00000002 INTL 20180105)
[    0.000000] No NUMA configuration found
[    0.000000] Faking a node at [mem 0x0000000000000000-0x000000007ffeffff]
[    0.000000] NODE_DATA(0) allocated [mem 0x7ffc5000-0x7ffeffff]
[    0.000000] kvm-clock: cpu 0, msr 0:7ff44001, primary cpu clock
[    0.000000] kvm-clock: Using msrs 4b564d01 and 4b564d00
[    0.000000] kvm-clock: using sched offset of 4155362986 cycles
[    0.000000] clocksource: kvm-clock: mask: 0xffffffffffffffff max_cycles: 0x1cd42e4dffb, max_idle_ns: 881590591483 ns
[    0.000000] Zone ranges:
[    0.000000]   DMA      [mem 0x0000000000001000-0x0000000000ffffff]
[    0.000000]   DMA32    [mem 0x0000000001000000-0x000000007ffeffff]
[    0.000000]   Normal   empty
[    0.000000]   Device   empty
[    0.000000] Movable zone start for each node
[    0.000000] Early memory node ranges
[    0.000000]   node   0: [mem 0x0000000000001000-0x000000000009efff]
[    0.000000]   node   0: [mem 0x0000000000100000-0x000000007ffeffff]
[    0.000000] Reserved but unavailabl: 98 pages
[    0.000000] Initm setup node 0 [mem 0x0000000000001000-0x000000007ffeffff]
[    0.000000] ACPI: PM-Timer IO Port: 0x4008
[    0.000000] IOAPIC[0]: apic_id 2, version 32, address 0xfec00000, GSI 0-23
[    0.000000] ACPI: INT_SRC_OVR (bus 0 bus_irq 0 global_irq 2 dfl dfl)
[    0.000000] ACPI: INT_SRC_OVR (bus 0 bus_irq 9 global_irq 9 low level)
[    0.000000] Using ACPI (MADT) for SMP configuratn information
[    0.000000] smpboot: Allowing 2 CPUs, 0 hotplug CPUs
[    0.000000] PM: Registered nosave memory: [mem 0x00000000-0x00000fff]
[    0.000000] PM: Registered nosave memory: [mem 0x0009f000-0x0009ffff]
[    0.000000] PM: Registered nosave memory: [mem 0x000a0000-0x000effff]
[    0.000000] PM: Registered nosave memory: [mem 0x000f0000-0x000fffff]
[    0.000000] e820: [mem 0x80000000-0xfebfffff] available for PCI devices
[    0.000000] Booting paravirtualized kernel on KVM
[    0.000000] clocksource: refined-jiffies: mask: 0xffffffff max_cycles: 0xffffffff, max_idle_ns: 7645519600211568 ns
[    0.000000] random: get_randm_bytes called from srt_kernel+0x99/0x500 with crng_iit=0
[    0.000000] setup_percpu: NR_CPUS:8192 nr_cpumask_bits:2 n_cpu_ids:2 nr_node_ids:1
[    0.000000] percpu: Embedded 45 pages/cpu s147456 r8192 d28672 u1048576
[    0.000000] PV qspinlock hash table entries: 256 (order: 0, 4096 bytes)
[    .000000] Built 1 zonelists, mobility grouping on.  Total pages: 51961
[    0.000000] Policy zone: DMA32
[    0.000000] Kernel command line: BOOT_IMAGE=/boot/vmlinuz-4.15.0-112-generic root=LABEL=cloudimg-rootfs ro console=tty1 console=ttyS0
[    0.000000] Memory: 2015236K/2096696K available (12300K kernel code, 2481K rwdata, 4272K rodata, 2436K init, 2720K bss, 81460K reserved, 0K cma-reserved)
[    0.000000] SLUB: HWalign=64, Order=0-3, MinObjects=0, CPUs=, Nodes=1
[    0.000000] Kernel/User page tables isolation: enabled
[    0.000000] ftce: allocating 39378 enntries in 154 pages
[    0.004000] Hierarchical RCU implementation.
[    0.004000] 	RCU restricting CPUs from NR_CPUS=8192 to nr_cpu_ids=2.
[    0.004000] 	Tasks RCU enabled.
[    0.004000] RCU: Adjusting geometry for rcu_fanout_leaf=16, nr_cpu_ids=2
[    0.004000] NR_IRQS: 524544, nr_irqs: 440, preallocated irqs: 16
[    0.004000] Console: colourVGA+ 80x25
[    0.004000] console [tty1] enabled
[    0.004000] console [ttyS0] enabled
[    0.004000] ACPI: Core revision 20170831
[    0.004000] ACPI: 2 ACPI AML tables successfully acquired and loaded
[    0.004000] APIC: Switch to symmetric I/O mode setup
[    0.004000] x2apic enabled
[    0.004008] Switched APIC routing to physical x2apic.
[    0.009381] ..TIMER: vector=0x30 apic1=0 pin1=2 apic2=-1 pin2=-1
[    0.012007] tsc: Detected 2399.986 MHz processor
[    0.012922] Calibrating delay loop (skipped) preset value.. 4799.97 BogoMIPS (lpj=9599944)
[    0.016010] pid_max: default: 32768 minimum: 301
[    0.020042] Security Framework initialized
[    0.020877] Yama: becoming mindful.
[    0.021686] AppArmor: AppArmor initialized
[    0.024996] Dentry cache hash table entries: 262144 (order: 9, 2097152 bytes)
[    0.032051] Inode-cache hash table entries: 131072 (order: 8, 1048576 bytes)
[    0.036029] Mount-cache hash table entries: 4096 (order: 3, 32768 bytes)
[    0.040021] Mountpoint-cache hash table entries: 4096 (order: 3, 32768 bytes)
[    0.044290] Last level iTLB entries: 4KB 64, 2MB 8, 4MB 8
[    0.045531] Last level dTLB entries: 4KB 64, 2MB 0, 4MB 0, 1GB 4
[    0.048005] Spectre V1 : Mitigation: usercopy/swapgs barriers and __user pointer sanitization
[    0.052007] Spectre V2 : Mitigation: Full generic retpoline
[    0.053097] Spectre V2 : Spectre v2 / SpectreRSB mitigation: Filling RSB on context switch
[    0.054695] Speculative Store Bypass: Vulnerable
[    0.056052] SRBDS: Unknown: Dependent on hypervisor status
[    0.057225] MDS: Mitigation: Clear CPU buffers
[    0.060224] Freeing SMP alternatives memory: 36K
[    0.175818] smpboot: CPU0: Intel(R) Core(TM) i5-6200U CPU @ 2.30GHz (family: 0x6, model: 0x4e, stepping: 0x3)
[    0.176148] Performance Events: unsupported p6 CPU model 78 no PMU driver, software events only.
[    0.184146] Hierarchical SRCU implementation.
[    0.186156] NMI watchdog: Perf event create on CPU 0 failed with -2
[    0.188009] NMI watchdog: Perf NMI watchdog permanently disabled
[    0.192078] smp: Bringing up secondary CPUs ...
[    0.192984] x86: Booting SMP configuration:
[    0.193709] .... node  #0, CPUs:      #1
[    0.004000] kvm-clock: cpu 1, msr 0:7ff44041, secondary cpu clock
[    0.210620] smp: Brought up 1 node, 2 CPUs
[    0.212016] smpboot: Max logical packages: 1
[    0.216021] smpboot: Total of 2 processors activated (9599.94 BogoMIPS)
[    0.220004] devtmpfs: initialized
[    0.224065] x86/mm: Memory block size: 128MB
[    0.228414] evm: security.selinux
[    0.232010] evm: security.SMACK64
[    0.236007] evm: security.SMACK64EXEC
[    0.240023] evm: security.SMACK64TRANSMUTE
[    0.244011] evm: security.SMACK64MMAP
[    0.248013] evm: security.apparmor
[    0.249976] evm: security.ima
[    0.252003] evm: security.capability
[    0.252701] clocksource: jiffies: mask: 0xffffffff max_cycles: 0xffffffff, max_idle_ns: 7645041785100000 ns
[    0.256019] futex hash table entries: 512 (order: 3, 32768 bytes)
[    0.257110] pinctrl core: initialized pinctrl subsystem
[    0.258294] RTC time: 18:30:35, date: 09/19/20
[    0.259231] NET: Registered protocol family 16
[    0.260104] audit: initializing netlink subsys (disabled)
[    0.264155] audit: type=2000 audit(1600540240.247:1): state=initialized audit_enabled=0 res=1
[    0.288032] cpuidle: using governor ladder
[    0.289085] cpuidle: using governor menu
[    0.289956] ACPI: bus type PCI registered
[    0.290696] acpiphp: ACPI Hot Plug PCI Controller Driver version: 0.5
[    0.291842] PCI: Using configuration type 1 for base access
[    0.293043] HugeTLB registered 2.00 MiB page size, pre-allocated 0 pages
[    0.296126] ACPI: Added _OSI(Module Device)
[    0.296898] ACPI: Added _OSI(Processor Device)
[    0.300014] ACPI: Added _OSI(3.0 _SCP Extensions)
[    0.301105] ACPI: Added _OSI(Processor Aggregator Device)
[    0.302221] ACPI: Added _OSI(Linux-Dell-Video)
[    0.303021] ACPI: Added _OSI(Linux-Lenovo-NV-HDMI-Audio)
[    0.303905] ACPI: Added _OSI(Linux-HPI-Hybrid-Graphics)
[    0.304302] ACPI: Executed 1 blocks of module-level executable AML code
[    0.311081] ACPI: Interpreter enabled
[    0.312041] ACPI: (supports S0 S5)
[    0.312863] ACPI: Using IOAPIC for interrupt routing
[    0.320160] PCI: Using host bridge windows from ACPI; if necessary, use "pci=nocrs" and report a bug
[    0.324187] ACPI: Enabled 2 GPEs in block 00 to 07
[    0.336177] ACPI: PCI Root Bridge [PCI0] (domain 0000 [bus 00-ff])
[    0.340043] acpi PNP0A03:00: _OSC: OS supports [ASPM ClockPM Segments MSI]
[    0.341863] acpi PNP0A03:00: _OSC: not requesting OS control; OS requires [ExtendedConfig ASPM ClockPM MSI]
[    0.344018] acpi PNP0A03:00: fail to add MMCONFIG information, can't access extended PCI configuration space under this bridge.
[    0.348395] PCI host bridge to bus 0000:00
[    0.352027] pci_bus 0000:00: root bus resource [io  0x0000-0x0cf7 window]
[    0.356008] pci_bus 0000:00: root bus resource [io  0x0d00-0xffff window]
[    0.357272] pci_bus 0000:00: root bus resource [mem 0x000a0000-0x000bffff window]
[    0.360027] pci_bus 0000:00: root bus resource [mem 0x80000000-0xfdffffff window]
[    0.364009] pci_bus 0000:00: root bus resource [bus 00-ff]
[    0.368758] pci 0000:00:01.1: legacy IDE quirk: reg 0x10: [io  0x01f0-0x01f7]
[    0.372010] pci 0000:00:01.1: legacy IDE quirk: reg 0x14: [io  0x03f6]
[    0.376019] pci 0000:00:01.1: legacy IDE quirk: reg 0x18: [io  0x0170-0x0177]
[    0.380008] pci 0000:00:01.1: legacy IDE quirk: reg 0x1c: [io  0x0376]
[    0.425762] pci 0000:00:07.0: quirk: [io  0x4000-0x403f] claimed by PIIX4 ACPI
[    0.428024] pci 0000:00:07.0: quirk: [io  0x4100-0x410f] claimed by PIIX4 SMB
[    0.457826] ACPI: PCI Interrupt Link [LNKA] (IRQs 5 9 10 *11)
[    0.460084] ACPI: PCI Interrupt Link [LNKB] (IRQs 5 9 *10 11)
[    0.461345] ACPI: PCI Interrupt Link [LNKC] (IRQs 5 *9 10 11)
[    0.462620] ACPI: PCI Interrupt Link [LNKD] (IRQs 5 9 10 *11)
[    0.464324] SCSI subsystem initialized
[    0.465178] pci 0000:00:02.0: vgaarb: setting as boot VGA device
[    0.465338] pci 0000:00:02.0: vgaarb: VGA device added: decodes=io+mem,owns=io+mem,locks=none
[    0.468012] pci 0000:00:02.0: vgaarb: bridge control possible
[    0.469001] vgaarb: loaded
[    0.469619] ACPI: bus type USB registered
[    0.472026] usbcore: registered new interface driver usbfs
[    0.472976] usbcore: registered new interface driver hub
[    0.476049] usbcore: registered new device driver usb
[    0.477123] EDAC MC: Ver: 3.0.0
[    0.480038] PCI: Using ACPI for IRQ routing
[    0.481102] NetLabel: Initializing
[    0.484000] NetLabel:  domain hash size = 128
[    0.484007] NetLabel:  protocols = UNLABELED CIPSOv4 CALIPSO
[    0.488030] NetLabel:  unlabeled traffic allowed by default
[    0.492094] clocksource: Switched to clocksource kvm-clock
[    0.507120] VFS: Disk quotas dquot_6.6.0
[    0.513294] VFS: Dquocache hash table entries: 512 (order 0, 4096 bytes)
[    5632] pprmr:ApArmor Fleysemnabled
[    0.9837] pnp: PnP ACPI init
[    0.984888] pnp: PnP ACPI: found 3 devices

[    0.996552] clocksource: acpi_pm: mask: 0xffffff max_cycles: 0xffffff, max_idle_ns: 2085701024 ns
[    0.998423] NET: Registered protocol famy 2

[    151377] TCP establishedhash table eries: 16384 (order: 5, 131072 bytes)

[    1.196833] TCP bind hash table entries: 16384 (order: 6, 214bys)
[    1.397470] TCP: Hash tables configured (established 16384 bind 16384)[    1.452020] UDP hash table entries: 1024 (order: 3, 32768 bytes)
[    1.478449] UDP-Lite hash table entries: 1024 (order: 3, 32768 bytes)
[    1.479824] NET: Registered proocl family 1
[    1.529028] pci 000:.0Liitng direct PCI/P tnsrs
[    1.965231] pci 0000:00:01.0: Activating ISA DMA hang workarounds
[    1.9671] pci 0000:00:02.0: Video device with shadowed ROM at [mem 0x000c0000-0x000dffff]

[    2.022802] Unpacking initramfs...
[    2.398053] Freeing initrd memory: 19208K
[    2.411245] clocksource: tsc: mask: 0xffffffffffffffff max_cycles: 0x22982a51ec9, max_idle_ns: 440795223827 ns
[    2.421956] platform rtc_cmos: registered platform RTC device (no PNP device found)
[    2.423510] Scanning for low memory corruption every 60 seconds
[    2.425389] Initialise system trusted keyrings
[    2.431650] Key type blacklist registered
[    2.432698] workingset: timestamp_bits=36 max_order=19 bucket_order=0
[    2.439021] zbud: loaded
[    2.440844] squashfs: version 4.0 (2009/01/31) Phillip Lougher
[    2.442772] fuse init (API version 7.26)
[    2.446253] Key type asymmetric registered
[    2.447324] Asymmetric key parser 'x509' registered
[    2.448463] Block layer SCSI generic (bsg) driver version 0.4 loaded (major 246)
[    2.450201] io scheduler noop registered
[    2.451093] io scheduler deadline registered
[    2.451991] io scheduler cfq registered (default)
[    2.453231] ACPI: AC Adapter [AC] (off-line)
[    2.454180] input: Power Button as /devices/LNXSYSTM:00/LNXPWRBN:00/input/input0
[    2.455765] ACPI: Power Button [PWRF]
[    2.456701] input: Sleep Button as /devices/LNXSYSTM:00/LNXSLPBN:00/input/input1
[    2.458264] ACPI: Sleep Button [SLPF]
[    2.460006] ACPI: Battery Slot [BAT0] (battery present)
[    2.461234] Serial: 8250/16550 driver, 32 ports, IRQ sharing enabled
[    2.490084] 00:02: ttyS0 at I/O 0x3f8 (irq = 4, base_baud = 115200) is a 16550A
[    2.512615] Linux agpgart interface v0.103
[    2.542776] loop: module loaded
[    2.571487] scsi host0: ata_piix
[    2.572468] scsi host1: ata_piix
[    2.573239] ata1: PATA max UDMA/33 cmd 0x1f0 ctl 0x3f6 bmdma 0xd000 irq 14
[    2.590641] ata2: PATA max UDMA/33 cmd 0x170 ctl 0x376 bmdma 0xd008 irq 15
[    2.613915] libphy: Fixed MDIO Bus: probed
[    2.614735] tun: Universal TUN/TAP device driver, 1.6
[    2.615959] PPP generic driver version 2.4.2
[    2.632917] ehci_hcd: USB 2.0 'Enhanced' Host Controller (EHCI) Driver
[    2.634177] ehci-pci: EHCI PCI platform driver
[    2.634989] ehci-platform: EHCI generic platform driver
[    2.658588] ohci_hcd: USB 1.1 'Open' Host Controller (OHCI) Driver
[    2.659873] ohci-pci: OHCI PCI platform driver
[    2.660853] ohci-platform: OHCI generic platform driver
[    2.667662] uhci_hcd: USB Universal Host Controller Interface driver
[    2.730278] i8042: PNP: PS/2 Controller [PNP0303:PS2K,PNP0f03:PS2M] at 0x60,0x64 irq 1,12
[    2.756306] serio: i8042 KBD port at 0x60,0x64 irq 1
[    2.757418] serio: i8042 AUX port at 0x60,0x64 irq 12
[    2.758721] mousedev: PS/2 mouse device common for all mice
[    2.760540] input: AT Translated Set 2 keyboard as /devices/platform/i8042/serio0/input/input2
[    2.768262] rtc_cmos rtc_cmos: rtc core: registered rtc_cmos as rtc0
[    2.842205] rtc_cmos rtc_cmos: alarms up to one day, 114 bytes nvram
[    2.843487] i2c /dev entries driver
[    2.844334] device-mapper: uevent: version 1.0.3
[    2.852059] device-mapper: ioctl: 4.37.0-ioctl (2017-09-20) initialised: dm-devel@redhat.com
[    2.854182] ledtrig-cpu: registered to indicate activity on CPUs
[    2.856000] NET: Registered protocol family 10
[    2.860787] Segment Routing with IPv6
[    2.861693] NET: Registered protocol family 17
[    2.863181] Key type dns_resolver registered
[    2.882324] mce: Using 0 MCE banks
[    2.900705] RAS: Correctable Errors collector initialized.
[    2.921597] sched_clock: Marking stable (2921568689, 0)->(4962770830, -2041202141)
[    2.928278] registered taskstats version 1
[    2.931295] Loading compiled-in X.509 certificates
[    2.965484] Loaded X.509 cert 'Build time autogenerated kernel key: 1d4b83cbc5f7a3cd7e4471a5cf69d65d9314bdf5'
[    2.983305] zswap: loaded using pool lzo/zbud
[    2.989805] Key type big_key registered
[    2.990665] Key type trusted registered
[    2.993375] Key type encrypted registered
[    2.994212] AppArmor: AppArmor sha1 policy hashing enabled
[    2.995347] ima: No TPM chip found, activating TPM-bypass! (rc=-19)
[    3.020677] ima: Allocated hash algorithm: sha1
[    3.021563] evm: HMAC attrs: 0x1
[    3.022404]   Magic number: 4:833:544
[    3.023067] tty ttyS20: hash matches
[    3.023799] rtc_cmos rtc_cmos: setting system clock to 2020-09-19 18:30:38 UTC (1600540238)
[    3.025394] BIOS EDD facility v0.16 2004-Jun-25, 0 devices found
[    3.050779] EDD information not available.
[    3.055294] Freeing unused kernel image memory: 2436K
[    3.092147] Write protecting the kernel read-only data: 20480k
[    3.094230] Freeing unused kernel image memory: 2008K
[    3.115603] Freeing unused kernel image memory: 1872K
[    3.149430] x86/mm: Checked W+X mappings: passed, no W+X pages found.
[    3.151353] x86/mm: Checking user space page tables
[    3.179215] x86/mm: Checked W+X mappings: passed, no W+X pages found.
Loading, please wait...
starting version 237
[    3.310305] Fusion MPT base driver 3.04.20
[    3.320655] Copyright (c) 1999-2008 LSI Corporation
[    3.338500] e1000: Intel(R) PRO/1000 Network Driver - version 7.3.21-k8-NAPI
[    3.341366] e1000: Copyright (c) 1999-2006 Intel Corporation.
[    3.347296] AVX2 version of gcm_enc/dec engaged.
[    3.348647] AES CTR mode by8 optimization enabled
[    3.379011] Fusion MPT SPI Host driver 3.04.20
[    3.573329] input: ImExPS/2 Generic Explorer Mouse as /devices/platform/i8042/serio1/input/input4
[    3.736753] e1000 0000:00:03.0 eth0: (PCI:33MHz:32-bit) 02:b5:22:41:d5:db
[    3.812532] e1000 0000:00:03.0 eth0: Intel(R) PRO/1000 Network Connection
[    4.833732] e1000 0000:00:08.0 eth1: (PCI:33MHz:32-bit) 08:00:27:24:75:ab
[    4.838287] e1000 0000:00:08.0 eth1: Intel(R) PRO/1000 Network Connection
[    4.843024] e1000 0000:00:08.0 enp0s8: renamed from eth1
[    4.845631] mptbase: ioc0: Initiating bringup
[    4.860625] e1000 0000:00:03.0 enp0s3: renamed from eth0
[    4.957200] ioc0: LSI53C1030 A0: Capabilities={Initiator}
[    5.271432] scsi host2: ioc0: LSI53C1030 A0, FwRev=00000000h, Ports=1, MaxQ=256, IRQ=20
[    5.508919] scsi 2:0:0:0: Direct-Access     VBOX     HARDDISK         1.0  PQ: 0 ANSI: 5
[    5.544132] scsi target2:0:0: Beginning Domain Validation
[    5.549492] scsi target2:0:0: Domain Validation skipping write tests
[    5.598919] scsi target2:0:0: Ending Domain Validation
[    5.599931] scsi target2:0:0: asynchronous
[    5.621833] scsi 2:0:1:0: Direct-Access     VBOX     HARDDISK         1.0  PQ: 0 ANSI: 5
[    5.656123] scsi target2:0:1: Beginning Domain Validation
[    5.658324] random: fast init done
[    5.659804] scsi target2:0:1: Domain Validation skipping write tests
[    5.680859] scsi target2:0:1: Ending Domain Validation
[    5.682181] scsi target2:0:1: asynchronous
[    5.710163] random: systemd-udevd: uninitialized urandom read (16 bytes read)
[    5.710249] sd 2:0:0:0: Attached scsi generic sg0 type 0
[    5.729250] random: systemd-udevd: uninitialized urandom read (16 bytes read)
[    5.741699] sd 2:0:1:0: Attached scsi generic sg1 type 0
[    5.744284] random: systemd-udevd: uninitialized urandom read (16 bytes read)
[    5.773067] sd 2:0:0:0: [sda] 20971520 512-byte logical blocks: (10.7 GB/10.0 GiB)
[    5.774672] sd 2:0:1:0: [sdb] 20480 512-byte logical blocks: (10.5 MB/10.0 MiB)
[    5.776579] sd 2:0:0:0: [sda] Write Protect is off
[    5.778461] sd 2:0:1:0: [sdb] Write Protect is off
[    5.779870] sd 2:0:0:0: [sda] Incomplete mode parameter data
[    5.781182] sd 2:0:0:0: [sda] Assuming drive cache: write through
[    5.782334] sd 2:0:1:0: [sdb] Incomplete mode parameter data
[    5.786575] sd 2:0:1:0: [sdb] Assuming drive cache: write through
[    5.789005]  sda: sda1
[    5.790276] sd 2:0:0:0: [sda] Attached SCSI disk
[    5.791575] sd 2:0:1:0: [sdb] Attached SCSI disk
Begin: Loading essential drivers ... [    7.430381] raid6: sse2x1   gen()  9110 MB/s
[    7.484424] raid6: sse2x1   xor()  6378 MB/s
[    7.532514] raid6: sse2x2   gen() 10061 MB/s
[    7.580263] raid6: sse2x2   xor()  6353 MB/s
[    7.630375] raid6: sse2x4   gen() 11815 MB/s
[    7.710355] raid6: sse2x4   xor()  6616 MB/s
[    7.756819] raid6: avx2x1   gen() 13377 MB/s
[    7.820350] raid6: avx2x1   xor() 10742 MB/s
[    7.868596] raid6: avx2x2   gen()  9913 MB/s
[    7.930386] raid6: avx2x2   xor()  9153 MB/s
[    7.980534] raid6: avx2x4   gen() 18604 MB/s
[    8.048445] raid6: avx2x4   xor() 14207 MB/s
[    8.049445] raid6: using algorithm avx2x4 gen() 18604 MB/s
[    8.050610] raid6: .... xor() 14207 MB/s, rmw enabled
[    8.051609] raid6: using avx2x2 recovery algorithm
[    8.054057] xor: automatically using best checksumming function   avx       
[    8.056889] async_tx: api initialized (async)
done.
Begin: Running /scripts/init-premount ... done.
Begin: Mounting root file system ... Begin: Running /scripts/local-top ... done.
Begin: Running /scripts/local-premount ... [    8.107814] Btrfs loaded, crc32c=crc32c-intel
Scanning for Btrfs filesystems
done.
Warning: fsck no[    8.146136] EXT4-fs (sda1): mounted filesystem with ordered data mode. Opts: (null)
t present, so skipping root file system
done.
Begin: Running /scripts/local-bottom ... done.
Begin: Running /scripts/init-bottom ... done.
[    8.396611] ip_tables: (C) 2000-2006 Netfilter Core Team
[    8.412595] systemd[1]: systemd 237 running in system mode. (+PAM +AUDIT +SELINUX +IMA +APPARMOR +SMACK +SYSVINIT +UTMP +LIBCRYPTSETUP +GCRYPT +GNUTLS +ACL +XZ +LZ4 +SECCOMP +BLKID +ELFUTILS +KMOD -IDN2 +IDN -PCRE2 default-hierarchy=hybrid)
[    8.451678] systemd[1]: Detected virtualization oracle.
[    8.452653] systemd[1]: Detected architecture x86-64.

Welcome to [1mUbuntu 18.04.5 LTS[0m!

[    8.463186] systemd[1]: Set hostname to <ubuntu>.
[    8.469827] systemd[1]: Initializing machine ID from random generator.
[    8.475389] systemd[1]: Installed transient /etc/machine-id file.
[    8.818820] systemd[1]: Created slice System Slice.
[[0;32m  OK  [0m] Created slice System Slice.
[    8.885503] systemd[1]: Listening on Journal Socket.
[[0;32m  OK  [0m] Listening on Journal Socket.
[    8.888529] systemd[1]: Mounting POSIX Message Queue File System...
         Mounting POSIX Message Queue File System...
[    8.893879] systemd[1]: Set up automount Arbitrary Executable File Formats File System Automount Point.
[[0;32m  OK  [0m] Set up automount Arbitrary Executab…rmats File System Automount Point.
[[0;32m  OK  [0m] Listening on LVM2 poll daemon socket.
[[0;32m  OK  [0m] Started Forward Password Requests to Wall Directory Watch.
[[0;32m  OK  [0m] Listening on udev Control Socket.
         Starting Uncomplicated firewall...
[[0;32m  OK  [0m] Listening on LVM2 metadata daemon socket.
[[0;32m  OK  [0m] Listening on Network Service Netlink Socket.
[[0;32m  OK  [0m] Listening on Syslog Socket.
         Starting Load Kernel Modules...
[[0;32m  OK  [0m] Listening on /dev/initctl Compatibility Named Pipe.
         Mounting Huge Pa[    9.014657] Loading iSCSI transport class v2.0-870.
ges File System...
         Mounting Kernel [    9.080183] iscsi: registered transport (tcp)
Debug File System...
[[0;32m  OK  [0m] Created slice system-serial\x[    9.120736] iscsi: registered transport (iser)
2dgetty.slice.
         Starting Remount Root and Kernel File Systems...
[[0;32m  OK  [0[    9.153331] EXT4-fs (sda1): re-mounted. Opts: (null)
m] Listening on Journal Audit Socket.
[[0;32m  OK  [0m] Listening on udev Kernel Socket.
         Starting udev Coldplug all Devices...
[[0;32m  OK  [0m] Listening on Device-mapper event daemon FIFOs.
         Starting Monitoring of LVM2 mirrors…ng dmeventd or progress polling...
[[0;32m  OK  [0m] Reached target Swap.
         Starting Set the console keyboard layout...
[[0;32m  OK  [0m] Reached target User and Group Name Lookups.
[[0;32m  OK  [0m] Reached target System Time Synchronized.
[[0;32m  OK  [0m] Listening on Journal Socket (/dev/log).
         Starting Journal Service...
[[0;32m  OK  [0m] Created slice User and Session Slice.
[[0;32m  OK  [0m] Reached target Slices.
         Starting Create list of required st…ce nodes for the current kernel...
[[0;32m  OK  [0m] Started Journal Service.
[[0;32m  OK  [0m] Mounted POSIX Message Queue File System.
[[0;32m  OK  [0m] Started Uncomplicated firewall.
[[0;32m  OK  [0m] Started Load Kernel Modules.
[[0;32m  OK  [0m] Mounted Huge Pages File System.
[[0;32m  OK  [0m] Mounted Kernel Debug File System.
[[0;32m  OK  [0m] Started Remount Root and Kernel File Systems.
[[0;32m  OK  [0m] Started Set the console keyboard layout.
[[0;32m  OK  [0m] Started Create list of required sta…vice nodes for the current kernel.
[[0;32m  OK  [0m] Started LVM2 metadata daemon.
         Starting Create Static Device Nodes in /dev...
         Starting Load/Save Random Seed...
         Mounting FUSE Control File System...
         Mounting Kernel Configuration File System...
         Starting Apply Kernel Variables...
         Starting Flush Journal to Persistent Storage...
[[0;32m  OK  [0m] Started Monitoring of LVM2 mirrors,…sing dmeventd or progress polling.
[[0;32m  OK  [0m] Started udev Coldplug all Devices.
[[0;32m  OK  [0m] Started Create Static Device Nodes in /dev.
[[0;32m  OK  [0m] Started Load/Save Random Seed.
[[0;32m  OK  [0m] Mounted FUSE Control File System.
[[0;32m  OK  [0m] Mounted Kernel Configuration File System.
[[0;32m  OK  [0m] Started Apply Kernel Variables.
         Starting udev Kernel Device Manager...
[[0;32m  OK  [0m] Reached target Local File Systems (Pre).
[[0;32m  OK  [0m] Reached target Local File Systems.
         Starting ebtables ruleset management...
         Starting Tell Plymouth To Write Out Runtime Data...
         Starting Set console font and keymap...
         Starting AppArmor initialization...
         Starting Commit a transient machine-id on disk...
[[0;32m  OK  [0m] Started udev Kernel Device Manager.
[[0;32m  OK  [0m] Started Tell Plymouth To Write Out Runtime Data.
[[0;32m  OK  [0m] Started Dispatch Password Requests to Console Directory Watch.
[[0;32m  OK  [0m] Reached target Local Encrypted Volumes.
[[0;32m  OK  [0m] Started Set console font and keymap.
[[0;32m  OK  [0m] Started Flush Journal to Persistent Storage.
[[0;32m  OK  [0m] Started Commit a transient machine-id on disk.
         Starting Create Volatile Files and Directories...
[[0;32m  OK  [0m] Started Create Volatile Files and Directories.
[[0;32m  OK  [0m] Started ebtables ruleset management.
         Starting Update UTMP about System Boot/Shutdown...
[[0;32m  OK  [0m] Started Update UTMP about System Boot/Shutdown.
[[0;32m  OK  [0m] Found device /dev/ttyS0.
[[0;32m  OK  [0m] Listening on Load/Save RF Kill Switch Status /dev/rfkill Watch.
[[0;32m  OK  [0m] Started AppArmor initialization.
         Starting Load AppArmor profiles managed internally by snapd...
         Starting Initial cloud-init job (pre-networking)...
[[0;32m  OK  [0m] Started Load AppArmor profiles managed internally by snapd.
[   12.931376] cloud-init[543]: Cloud-init v. 20.2-45-g5f7825e2-0ubuntu1~18.04.1 running 'init-local' at Sat, 19 Sep 2020 18:30:48 +0000. Up 12.54 seconds.
[[0;32m  OK  [0m] Started Initial cloud-init job (pre-networking).
[[0;32m  OK  [0m] Reached target Network (Pre).
         Starting Network Service...
[[0;32m  OK  [0m] Started Network Service.
         Starting Wait for Network to be Configured...
         Starting Network Name Resolution...
[[0;32m  OK  [0m] Started Network Name Resolution.
[[0;32m  OK  [0m] Reached target Host and Network Name Lookups.
[[0;32m  OK  [0m] Reached target Network.
[[0;32m  OK  [0m] Started Wait for Network to be Configured.
         Starting Initial cloud-init job (metadata service crawler)...
[   15.056272] cloud-init[646]: Cloud-init v. 20.2-45-g5f7825e2-0ubuntu1~18.04.1 running 'init' at Sat, 19 Sep 2020 18:30:50 +0000. Up 14.85 seconds.
[   15.065834] cloud-init[646]: ci-info: ++++++++++++++++++++++++++++++++++++++Net device info+++++++++++++++++++++++++++++++++++++++
[   15.067986] cloud-init[646]: ci-info: +--------+-------+----------------------------+---------------+--------+-------------------+
[   15.073638] cloud-init[646]: ci-info: | Device |   Up  |          Address           |      Mask     | Scope  |     Hw-Address    |
[   15.075589] cloud-init[646]: ci-info: +--------+-------+----------------------------+---------------+--------+-------------------+
[   15.077540] cloud-init[646]: ci-info: | enp0s3 |  True |         10.0.2.15          | 255.255.255.0 | global | 02:b5:22:41:d5:db |
[   15.104559] cloud-init[646]: ci-info: | enp0s3 |  True | fe80::b5:22ff:fe41:d5db/64 |       .       |  link  | 02:b5:22:41:d5:db |
[   15.107552] cloud-init[646]: ci-info: | enp0s8 | False |             .              |       .       |   .    | 08:00:27:24:75:ab |
[   15.110155] cloud-init[646]: ci-info: |   lo   |  True |         127.0.0.1          |   255.0.0.0   |  host  |         .         |
[   15.120239] cloud-init[646]: ci-info: |   lo   |  True |          ::1/128           |       .       |  host  |         .         |
[   15.132475] cloud-init[646]: ci-info: +--------+-------+----------------------------+---------------+--------+-------------------+
[   15.216251] cloud-init[646]: ci-info: ++++++++++++++++++++++++++++Route IPv4 info+++++++++++++++++++++++++++++
[   15.220226] cloud-init[646]: ci-info: +-------+-------------+----------+-----------------+-----------+-------+
[   15.248114] cloud-init[646]: ci-info: | Route | Destination | Gateway  |     Genmask     | Interface | Flags |
[   15.271092] cloud-init[646]: ci-info: +-------+-------------+----------+-----------------+-----------+-------+
[   15.277568] cloud-init[646]: ci-info: |   0   |   0.0.0.0   | 10.0.2.2 |     0.0.0.0     |   enp0s3  |   UG  |
[   15.284325] cloud-init[646]: ci-info: |   1   |   10.0.2.0  | 0.0.0.0  |  255.255.255.0  |   enp0s3  |   U   |
[   15.300811] cloud-init[646]: ci-info: |   2   |   10.0.2.2  | 0.0.0.0  | 255.255.255.255 |   enp0s3  |   UH  |
[   15.305237] cloud-init[646]: ci-info: +-------+-------------+----------+-----------------+-----------+-------+
[   15.309827] cloud-init[646]: ci-info: +++++++++++++++++++Route IPv6 info+++++++++++++++++++
[   15.324261] cloud-init[646]: ci-info: +-------+-------------+---------+-----------+-------+
[   15.325777] cloud-init[646]: ci-info: | Route | Destination | Gateway | Interface | Flags |
[   15.360315] cloud-init[646]: ci-info: +-------+-------------+---------+-----------+-------+
[   15.362088] cloud-init[646]: ci-info: |   1   |  fe80::/64  |    ::   |   enp0s3  |   U   |
[   15.363575] cloud-init[646]: ci-info: |   3   |    local    |    ::   |   enp0s3  |   U   |
[   15.397771] cloud-init[646]: ci-info: |   4   |   ff00::/8  |    ::   |   enp0s3  |   U   |
[   15.407760] cloud-init[646]: ci-info: +-------+-------------+---------+-----------+-------+
[   15.910234] cloud-init[646]: Generating public/private rsa key pair.
[   15.917416] cloud-init[646]: Your identification has been saved in /etc/ssh/ssh_host_rsa_key.
[   15.928022] cloud-init[646]: Your public key has been saved in /etc/ssh/ssh_host_rsa_key.pub.
[[   15.984499] cloud-init[646]: The key fingerprint is:
[   15.984883] cloud-init[646]: SHA256:VBCC58Ngz+3/8X5Ss6hhi0dpZjYX5C3OMogaNG+eAVI root@ubuntu-bionic
[   15.984960] cloud-init[646]: The key's randomart image is:
[   15.985037] cloud-init[646]: +---[RSA 2048]----+
[   15.985091] cloud-init[646]: |     .. oo.      |
[   15.985147] cloud-init[646]: |    +E.. .   .   |
[   15.985216] cloud-init[646]: |   ..B ..   o .  |
[   15.985280] cloud-init[646]: |   . +*..    + . |
[   15.985342] cloud-init[646]: |    o +oS . + o  |
[   15.985406] cloud-init[646]: |     . =.. @ + ..|
[   15.985463] cloud-init[646]: |      = o.*o* ..o|
[   15.985514] cloud-init[646]: |     . o  +.o+...|
[   15.985574] cloud-init[646]: |         ..+o.oo |
[   15.985634] cloud-init[646]: +----[SHA256]-----+
[   15.985692] cloud-init[646]: Generating public/private dsa key pair.
[   15.985757] cloud-init[646]: Your identification has been saved in /etc/ssh/ssh_host_dsa_key.
[   15.985824] cloud-init[646]: Your public key has been saved in /etc/ssh/ssh_host_dsa_key.pub.
[   15.985878] cloud-init[646]: The key fingerprint is:
[   15.985934] cloud-init[646]: SHA256:19SBwID9Z7Yx+vwNfiE09Rx3FSGVhJl/tVogY6dJJcA root@ubuntu-bionic
[   15.986000] cloud-init[646]: The key's randomart image is:
[   15.986063] cloud-init[646]: +---[DSA 1024]----+
[   15.986139] cloud-init[646]: |       oo+oo.+B=*|
[   15.986206] cloud-init[646]: |      . .E.=oB.=+|
[   15.986265] cloud-init[646]: |         .o B =.B|
[   15.986329] cloud-init[646]: |          .=*o ++|
[   15.986386] cloud-init[646]: |        S .=o++ .|
[   15.986446] cloud-init[646]: |         .. .o . |
[   15.986500] cloud-init[646]: |           o  o .|
[   15.986551] cloud-init[646]: |            o. o.|
[   15.986608] cloud-init[646]: |             .o..|
[   15.986680] cloud-init[646]: +----[SHA256]-----+
[   15.986739] cloud-init[646]: Generating public/private ecdsa key pair.
[   15.986809] cloud-init[646]: Your identification has been saved in /etc/ssh/ssh_host_ecdsa_key.
[   15.986874] cloud-init[646]: Your public key has been saved in /etc/ssh/ssh_host_ecdsa_key.pub.
[   15.986940] cloud-init[646]: The key fingerprint is:
[   15.987002] cloud-init[646]: SHA256:AaAiWCjYz63Z8vOAZ8HmXfpOsNn7SScnd1rgVLtSwpY root@ubuntu-bionic
[   15.987070] cloud-init[646]: The key's randomart image is:
[   15.987123] cloud-init[646]: +---[ECDSA 256]---+
[   15.987188] cloud-init[646]: |.o. ...          |
[   15.987255] cloud-init[646]: |=...   .         |
[   15.987312] cloud-init[646]: |= .o .  .       .|
[   15.987371] cloud-init[646]: |..  o..  .  . ...|
[   15.987425] cloud-init[646]: |     ++ S .  Eoo |
[   15.987482] cloud-init[646]: |    ++.o B  .oo..|
[   15.987545] cloud-init[646]: |    .o= = o +.=.o|
[   15.987613] cloud-init[646]: |     oo. o o B.+ |
[   15.987674] cloud-init[646]: |       o..+.o .  |
[   15.987738] cloud-init[646]: +----[SHA256]-----+
[   15.987795] cloud-init[646]: Generating public/private ed25519 key pair.
[   15.987857] cloud-init[646]: Your identification has been saved in /etc/ssh/ssh_host_ed25519_key.
[   15.987922] cloud-init[646]: Your public key has been saved in /etc/ssh/ssh_host_ed25519_key.pub.
[   15.987989] cloud-init[646]: The key fingerprint is:
[0;32m  OK  [0m] Started Initial cloud-init job (metadata service crawler).
[[0;32m  OK  [0m] Reached target System Initialization.
[[0;32m  OK  [0m] Started Discard unused blocks once a week.
[[0;32m  OK  [0m] Started Message of the Day.
[[0;32m  OK  [0m[   15.988298] cloud-init[646]: SHA256:ondRYF/RORod1gOAIgfbqriyIuMFU7wzY1db1jFHE0Y root@ubuntu-bionic
] Listening on D-Bus System Message Bus Socket.
[[0;32m  OK  [0m] Listening on UUID daemon activation socket.
         [   16.126972] cloud-init[646]: The key's randomart image is:
[   16.127529] cloud-init[646]: +--[ED25519 256]--+
Starting Socket activation for snappy daemon.
[   16.128415] cloud-init[646]: |     .. o .+*E=+ |
[   16.164520] cloud-init[646]: |  .  .o+ +..*.*..|
         [   16.175130] cloud-init[646]: |   o .oo.oo. o ..|
[   16.175651] cloud-init[646]: |  . . o +.  .    |
[   16.176930] cloud-init[646]: | o * o..S        |
[   16.177774] cloud-init[646]: |  = *. . .       |
Starting LXD - unix socket.
[   16.178821] cloud-init[646]: | . o. . .        |
[[   16.200501] cloud-init[646]: |= o  . .         |
[   16.201043] cloud-init[646]: |*=               |
[   16.201762] cloud-init[646]: +----[SHA256]-----+
[0;32m  OK  [0m] Listening on ACPID Listen Socket.
[[0;32m  OK  [0m] Started ACPI Events Check.
[[0;32m  OK  [0m] Reached target Paths.
[[0;32m  OK  [0m] Started Daily apt download activities.
[[0;32m  OK  [0m] Started Daily apt upgrade and clean activities.
[[0;32m  OK  [0m] Started Daily Cleanup of Temporary Directories.
[[0;32m  OK  [0m] Reached target Timers.
[[0;32m  OK  [0m] Listening on Open-iSCSI iscsid Socket.
[[0;32m  OK  [0m] Reached target Network is Online.
         Starting Availability of block devices...
[[0;32m  OK  [0m] Reached target Remote File Systems (Pre).
[[0;32m  OK  [0m] Reached target Remote File Systems.
[[0;32m  OK  [0m] Reached target Cloud-config availability.
[[0;32m  OK  [0m] Listening on Socket activation for snappy daemon.
[[0;32m  OK  [0m] Listening on LXD - unix socket.
[[0;32m  OK  [0m] Started Availability of block devices.
[[0;32m  OK  [0m] Reached target Sockets.
[[0;32m  OK  [0m] Reached target Basic System.
[[0;32m  OK  [0m] Started FUSE filesystem for LXC.
[[0;32m  OK  [0m] Started irqbalance daemon.
         Starting Dispatcher daemon for systemd-networkd...
         Starting LSB: automatic crash report generation...
         Starting Virtualbox guest utils...
         Starting Accounts Service...
[[0;32m  OK  [0m] Started Deferred execution scheduler.
         Starting Pollinate to seed the pseudo random number generator...
         Starting LSB: Record successful boot for GRUB...
         Starting Login Service...
[[0;32m  OK  [0m] Started Regular background program processing daemon.
[[0;32m  OK  [0m] Started D-Bus System Message Bus.
         Starting System Logging Service...
         Starting Snap Daemon...
         Starting Permit User Sessions...
         Starting LXD - container startup/shutdown...
[[0;32m  OK  [0m] Started System Logging Service.
[[0;32m  OK  [0m] Started Login Service.
[[0;32m  OK  [0m] Started Unattended Upgrades Shutdown.
[[0;32m  OK  [0m] Started Permit User Sessions.
         Starting Hold until boot process finishes up...
         Starting Terminate Plymouth Boot Screen...
         Starting Authorization Manager...
[[0;32m  OK  [0m] Started Hold until boot process finishes up.
[[0;32m  OK  [0m] Started Terminate Plymouth Boot Screen.
[[0;32m  OK  [0m] Started Serial Getty on ttyS0.
         Starting Set console scheme...
[[0;32m  OK  [0m] Started LSB: automatic crash report generation.
[[0;32m  OK  [0m] Started Set console scheme.
[[0;32m  OK  [0m] Started LSB: Record successful boot for GRUB.
[[0;32m  OK  [0m] Started Dispatcher daemon for systemd-networkd.
[[0;32m  OK  [0m] Started Authorization Manager.
[[0;32m  OK  [0m] Started Accounts Service.
[[0;32m  OK  [0m] Created slice system-getty.slice.
[[0;32m  OK  [0m] Started Getty on tty1.
[[0;32m  OK  [0m] Reached target Login Prompts.
[[0;32m  OK  [0m] Started LXD - container startup/shutdown.
[[0;32m  OK  [0m] Started Virtualbox guest utils.
[[0;32m  OK  [0m] Started Snap Daemon.
         Starting Wait until snapd is fully seeded...
[[0;32m  OK  [0m] Started Pollinate to seed the pseudo random number generator.
         Starting OpenBSD Secure Shell server...
[[0;32m  OK  [0m] Started OpenBSD Secure Shell server.
[[0;32m  OK  [0m] Created slice User Slice of vagrant.
         Starting User Manager for UID 1000...
[[0;32m  OK  [0m] Started Session 1 of user vagrant.
[[0;32m  OK  [0m] Started User Manager for UID 1000.
[[0;32m  OK  [0m] Started Wait until snapd is fully seeded.
         Starting Apply the settings specified in cloud-config...
[[0;32m  OK  [0m] Reached target Multi-User System.
[[0;32m  OK  [0m] Reached target Graphical Interface.
         Starting Update UTMP about System Runlevel Changes...
[[0;32m  OK  [0m] Started Update UTMP about System Runlevel Changes.
         Stopping User Manager for UID 1000...
[[0;32m  OK  [0m] Stopped User Manager for UID 1000.
[[0;32m  OK  [0m] Removed slice User Slice of vagrant.
[   21.910849] cloud-init[1310]: Cloud-init v. 20.2-45-g5f7825e2-0ubuntu1~18.04.1 running 'modules:config' at Sat, 19 Sep 2020 18:30:56 +0000. Up 21.13 seconds.
ci-info: no authorized SSH keys fingerprints found for user ubuntu.
<14>Sep 19 18:30:58 ec2: 
<14>Sep 19 18:30:58 ec2: #############################################################
<14>Sep 19 18:30:58 ec2: -----BEGIN SSH HOST KEY FINGERPRINTS-----
<14>Sep 19 18:30:58 ec2: 1024 SHA256:19SBwID9Z7Yx+vwNfiE09Rx3FSGVhJl/tVogY6dJJcA root@ubuntu-bionic (DSA)
<14>Sep 19 18:30:58 ec2: 256 SHA256:AaAiWCjYz63Z8vOAZ8HmXfpOsNn7SScnd1rgVLtSwpY root@ubuntu-bionic (ECDSA)
<14>Sep 19 18:30:58 ec2: 256 SHA256:ondRYF/RORod1gOAIgfbqriyIuMFU7wzY1db1jFHE0Y root@ubuntu-bionic (ED25519)
<14>Sep 19 18:30:58 ec2: 2048 SHA256:VBCC58Ngz+3/8X5Ss6hhi0dpZjYX5C3OMogaNG+eAVI root@ubuntu-bionic (RSA)
<14>Sep 19 18:30:58 ec2: -----END SSH HOST KEY FINGERPRINTS-----
<14>Sep 19 18:30:58 ec2: #############################################################
-----BEGIN SSH HOST KEY KEYS-----
ecdsa-sha2-nistp256 AAAAE2VjZHNhLXNoYTItbmlzdHAyNTYAAAAIbmlzdHAyNTYAAABBBAejumwunvHCnKkXR/lkxV+suTBGZXqURs9mBIJ2/ufaonOXtd2WcQ8Yq1rn3/+u1VIZeuvBdfbxwTlmEBlMzSA= root@ubuntu-bionic
ssh-ed25519 AAAAC3NzaC1lZDI1NTE5AAAAIOGrYNSi43bDxYaO0UoCd2E+Jb8p9Z/Q7LO7rCPbCOAt root@ubuntu-bionic
ssh-rsa AAAAB3NzaC1yc2EAAAADAQABAAABAQCpPCXO99nzypFtCFWY7rSP4vXv0HR/c/EMXuk96PNcf+nMxoU1m2rVSbwC4LzmksKeN624A58QJ9HQgaAO7DjQtC0YeYwrlHHP9xeNqge7Bg4EBvgzlmWWaWWAdm1xpEBYzbd9v4iBqFdpN63S9gbHfjq/dfrX08zi2NuolA5ReLMnXxiGGZzZyR4eUpBOMmXIvZYJcHltNCDCPR7pWeQNZQHozQKzSf8TC09gHkBGx2VHLwMRQfa/5jNpIkps+Zra8v/6cVMATMT6kti9yYL4EoO61OD6tQy3XyCsB5CKXclBrGtD9cpznqLfv17kw0B1AgL6MbpRlmoBPhOkgeHD root@ubuntu-bionic
-----END SSH HOST KEY KEYS-----
[   22.818576] cloud-init[1448]: Cloud-init v. 20.2-45-g5f7825e2-0ubuntu1~18.04.1 running 'modules:final' at Sat, 19 Sep 2020 18:30:58 +0000. Up 22.64 seconds.
[   22.818666] cloud-init[1448]: ci-info: no authorized SSH keys fingerprints found for user ubuntu.
[   22.818720] cloud-init[1448]: Cloud-init v. 20.2-45-g5f7825e2-0ubuntu1~18.04.1 finished at Sat, 19 Sep 2020 18:30:58 +0000. Datasource DataSourceNoCloud [seed=/dev/sdb][dsmode=net].  Up 22.81 seconds

Ubuntu 18.04.5 LTS ubuntu-bionic ttyS0

ubuntu-bionic login: 